{"C:\\Users\\foxma\\WebstormProjects\\task-service\\src\\constants\\HTTPCodes.js": {"path":"C:\\Users\\foxma\\WebstormProjects\\task-service\\src\\constants\\HTTPCodes.js","statementMap":{"0":{"start":{"line":1,"column":11},"end":{"line":1,"column":14}},"1":{"start":{"line":2,"column":16},"end":{"line":2,"column":19}},"2":{"start":{"line":3,"column":19},"end":{"line":3,"column":22}},"3":{"start":{"line":4,"column":18},"end":{"line":4,"column":21}},"4":{"start":{"line":9,"column":0},"end":{"line":14,"column":1}}},"fnMap":{},"branchMap":{},"s":{"0":1,"1":1,"2":1,"3":1,"4":1},"f":{},"b":{},"_coverageSchema":"1a1c01bbd47fc00a2c39e90264f33305004495a9","hash":"c46dde71d981821aad926203de03750d025c7d01"}
,"C:\\Users\\foxma\\WebstormProjects\\task-service\\src\\models\\Task.js": {"path":"C:\\Users\\foxma\\WebstormProjects\\task-service\\src\\models\\Task.js","statementMap":{"0":{"start":{"line":1,"column":17},"end":{"line":1,"column":36}},"1":{"start":{"line":3,"column":19},"end":{"line":50,"column":2}},"2":{"start":{"line":52,"column":13},"end":{"line":52,"column":64}}},"fnMap":{},"branchMap":{},"s":{"0":1,"1":1,"2":1},"f":{},"b":{},"_coverageSchema":"1a1c01bbd47fc00a2c39e90264f33305004495a9","hash":"d8c07834c97e4d858505802de8338db0973e0d33"}
,"C:\\Users\\foxma\\WebstormProjects\\task-service\\src\\services\\taskService.js": {"path":"C:\\Users\\foxma\\WebstormProjects\\task-service\\src\\services\\taskService.js","statementMap":{"0":{"start":{"line":1,"column":17},"end":{"line":1,"column":36}},"1":{"start":{"line":2,"column":24},"end":{"line":2,"column":57}},"2":{"start":{"line":3,"column":13},"end":{"line":3,"column":35}},"3":{"start":{"line":7,"column":4},"end":{"line":15,"column":5}},"4":{"start":{"line":8,"column":8},"end":{"line":8,"column":58}},"5":{"start":{"line":10,"column":9},"end":{"line":15,"column":5}},"6":{"start":{"line":11,"column":8},"end":{"line":11,"column":36}},"7":{"start":{"line":13,"column":9},"end":{"line":15,"column":5}},"8":{"start":{"line":14,"column":8},"end":{"line":14,"column":35}},"9":{"start":{"line":17,"column":18},"end":{"line":17,"column":41}},"10":{"start":{"line":18,"column":4},"end":{"line":36,"column":5}},"11":{"start":{"line":19,"column":8},"end":{"line":19,"column":16}},"12":{"start":{"line":21,"column":8},"end":{"line":35,"column":10}},"13":{"start":{"line":22,"column":12},"end":{"line":34,"column":13}},"14":{"start":{"line":40,"column":4},"end":{"line":40,"column":28}},"15":{"start":{"line":44,"column":4},"end":{"line":51,"column":6}},"16":{"start":{"line":45,"column":8},"end":{"line":45,"column":29}},"17":{"start":{"line":46,"column":8},"end":{"line":50,"column":9}},"18":{"start":{"line":46,"column":23},"end":{"line":46,"column":35}},"19":{"start":{"line":48,"column":12},"end":{"line":49,"column":47}},"20":{"start":{"line":49,"column":30},"end":{"line":49,"column":46}},"21":{"start":{"line":55,"column":25},"end":{"line":66,"column":6}},"22":{"start":{"line":67,"column":4},"end":{"line":67,"column":30}},"23":{"start":{"line":71,"column":4},"end":{"line":86,"column":10}},"24":{"start":{"line":73,"column":12},"end":{"line":75,"column":13}},"25":{"start":{"line":74,"column":16},"end":{"line":74,"column":27}},"26":{"start":{"line":76,"column":13},"end":{"line":76,"column":44}},"27":{"start":{"line":77,"column":13},"end":{"line":77,"column":56}},"28":{"start":{"line":78,"column":13},"end":{"line":78,"column":52}},"29":{"start":{"line":79,"column":13},"end":{"line":79,"column":49}},"30":{"start":{"line":80,"column":13},"end":{"line":80,"column":59}},"31":{"start":{"line":81,"column":13},"end":{"line":81,"column":63}},"32":{"start":{"line":82,"column":13},"end":{"line":82,"column":51}},"33":{"start":{"line":83,"column":13},"end":{"line":83,"column":49}},"34":{"start":{"line":84,"column":13},"end":{"line":84,"column":67}},"35":{"start":{"line":85,"column":12},"end":{"line":85,"column":31}},"36":{"start":{"line":90,"column":23},"end":{"line":90,"column":50}},"37":{"start":{"line":91,"column":4},"end":{"line":91,"column":27}},"38":{"start":{"line":92,"column":4},"end":{"line":92,"column":45}},"39":{"start":{"line":93,"column":4},"end":{"line":93,"column":43}},"40":{"start":{"line":94,"column":4},"end":{"line":94,"column":27}},"41":{"start":{"line":95,"column":4},"end":{"line":95,"column":29}},"42":{"start":{"line":99,"column":24},"end":{"line":99,"column":34}},"43":{"start":{"line":100,"column":18},"end":{"line":108,"column":6}},"44":{"start":{"line":109,"column":4},"end":{"line":109,"column":16}},"45":{"start":{"line":113,"column":0},"end":{"line":121,"column":1}}},"fnMap":{"0":{"name":"fetchTasks","decl":{"start":{"line":5,"column":15},"end":{"line":5,"column":25}},"loc":{"start":{"line":5,"column":51},"end":{"line":37,"column":1}},"line":5},"1":{"name":"(anonymous_1)","decl":{"start":{"line":21,"column":25},"end":{"line":21,"column":26}},"loc":{"start":{"line":21,"column":33},"end":{"line":35,"column":9}},"line":21},"2":{"name":"fetchTaskById","decl":{"start":{"line":39,"column":9},"end":{"line":39,"column":22}},"loc":{"start":{"line":39,"column":26},"end":{"line":41,"column":1}},"line":39},"3":{"name":"deleteTask","decl":{"start":{"line":43,"column":9},"end":{"line":43,"column":19}},"loc":{"start":{"line":43,"column":23},"end":{"line":52,"column":1}},"line":43},"4":{"name":"(anonymous_4)","decl":{"start":{"line":44,"column":34},"end":{"line":44,"column":35}},"loc":{"start":{"line":44,"column":46},"end":{"line":51,"column":5}},"line":44},"5":{"name":"(anonymous_5)","decl":{"start":{"line":49,"column":23},"end":{"line":49,"column":24}},"loc":{"start":{"line":49,"column":30},"end":{"line":49,"column":46}},"line":49},"6":{"name":"createTask","decl":{"start":{"line":54,"column":9},"end":{"line":54,"column":19}},"loc":{"start":{"line":54,"column":36},"end":{"line":68,"column":1}},"line":54},"7":{"name":"updateTask","decl":{"start":{"line":70,"column":9},"end":{"line":70,"column":19}},"loc":{"start":{"line":70,"column":37},"end":{"line":87,"column":1}},"line":70},"8":{"name":"(anonymous_8)","decl":{"start":{"line":72,"column":14},"end":{"line":72,"column":15}},"loc":{"start":{"line":72,"column":22},"end":{"line":86,"column":9}},"line":72},"9":{"name":"changeStatus","decl":{"start":{"line":89,"column":15},"end":{"line":89,"column":27}},"loc":{"start":{"line":89,"column":35},"end":{"line":96,"column":1}},"line":89},"10":{"name":"getDailyTasks","decl":{"start":{"line":98,"column":15},"end":{"line":98,"column":28}},"loc":{"start":{"line":98,"column":40},"end":{"line":111,"column":1}},"line":98}},"branchMap":{"0":{"loc":{"start":{"line":7,"column":4},"end":{"line":15,"column":5}},"type":"if","locations":[{"start":{"line":7,"column":4},"end":{"line":15,"column":5}},{"start":{"line":10,"column":9},"end":{"line":15,"column":5}}],"line":7},"1":{"loc":{"start":{"line":7,"column":8},"end":{"line":7,"column":40}},"type":"binary-expr","locations":[{"start":{"line":7,"column":8},"end":{"line":7,"column":26}},{"start":{"line":7,"column":30},"end":{"line":7,"column":40}}],"line":7},"2":{"loc":{"start":{"line":10,"column":9},"end":{"line":15,"column":5}},"type":"if","locations":[{"start":{"line":10,"column":9},"end":{"line":15,"column":5}},{"start":{"line":13,"column":9},"end":{"line":15,"column":5}}],"line":10},"3":{"loc":{"start":{"line":13,"column":9},"end":{"line":15,"column":5}},"type":"if","locations":[{"start":{"line":13,"column":9},"end":{"line":15,"column":5}},{"start":{},"end":{}}],"line":13},"4":{"loc":{"start":{"line":18,"column":4},"end":{"line":36,"column":5}},"type":"if","locations":[{"start":{"line":18,"column":4},"end":{"line":36,"column":5}},{"start":{"line":20,"column":11},"end":{"line":36,"column":5}}],"line":18},"5":{"loc":{"start":{"line":46,"column":8},"end":{"line":50,"column":9}},"type":"if","locations":[{"start":{"line":46,"column":8},"end":{"line":50,"column":9}},{"start":{"line":47,"column":13},"end":{"line":50,"column":9}}],"line":46},"6":{"loc":{"start":{"line":73,"column":12},"end":{"line":75,"column":13}},"type":"if","locations":[{"start":{"line":73,"column":12},"end":{"line":75,"column":13}},{"start":{},"end":{}}],"line":73}},"s":{"0":1,"1":1,"2":1,"3":2,"4":1,"5":1,"6":0,"7":1,"8":1,"9":2,"10":2,"11":0,"12":2,"13":4,"14":1,"15":1,"16":1,"17":1,"18":0,"19":1,"20":0,"21":1,"22":1,"23":1,"24":1,"25":0,"26":1,"27":1,"28":1,"29":1,"30":1,"31":1,"32":1,"33":1,"34":1,"35":1,"36":1,"37":1,"38":1,"39":1,"40":1,"41":1,"42":1,"43":1,"44":1,"45":1},"f":{"0":2,"1":4,"2":1,"3":1,"4":1,"5":0,"6":1,"7":1,"8":1,"9":1,"10":1},"b":{"0":[1,1],"1":[2,1],"2":[0,1],"3":[1,0],"4":[0,2],"5":[0,1],"6":[0,1]},"_coverageSchema":"1a1c01bbd47fc00a2c39e90264f33305004495a9","hash":"00cc6433bbf7b496adecaa198c1b32126e815ae0"}
}
