TN:
SF:src\constants\HTTPCodes.js
FNF:0
FNH:0
DA:1,1
DA:2,1
DA:3,1
DA:4,1
DA:9,1
LF:5
LH:5
BRF:0
BRH:0
end_of_record
TN:
SF:src\models\Task.js
FNF:0
FNH:0
DA:1,1
DA:3,1
DA:52,1
LF:3
LH:3
BRF:0
BRH:0
end_of_record
TN:
SF:src\services\taskService.js
FN:5,fetchTasks
FN:21,(anonymous_1)
FN:39,fetchTaskById
FN:43,deleteTask
FN:44,(anonymous_4)
FN:49,(anonymous_5)
FN:54,createTask
FN:70,updateTask
FN:72,(anonymous_8)
FN:89,changeStatus
FN:98,getDailyTasks
FNF:11
FNH:10
FNDA:2,fetchTasks
FNDA:4,(anonymous_1)
FNDA:1,fetchTaskById
FNDA:1,deleteTask
FNDA:1,(anonymous_4)
FNDA:0,(anonymous_5)
FNDA:1,createTask
FNDA:1,updateTask
FNDA:1,(anonymous_8)
FNDA:1,changeStatus
FNDA:1,getDailyTasks
DA:1,1
DA:2,1
DA:3,1
DA:7,2
DA:8,1
DA:10,1
DA:11,0
DA:13,1
DA:14,1
DA:17,2
DA:18,2
DA:19,0
DA:21,2
DA:22,4
DA:40,1
DA:44,1
DA:45,1
DA:46,1
DA:48,1
DA:49,0
DA:55,1
DA:67,1
DA:71,1
DA:73,1
DA:74,0
DA:76,1
DA:77,1
DA:78,1
DA:79,1
DA:80,1
DA:81,1
DA:82,1
DA:83,1
DA:84,1
DA:85,1
DA:90,1
DA:91,1
DA:92,1
DA:93,1
DA:94,1
DA:95,1
DA:99,1
DA:100,1
DA:109,1
DA:113,1
LF:45
LH:41
BRDA:7,0,0,1
BRDA:7,0,1,1
BRDA:7,1,0,2
BRDA:7,1,1,1
BRDA:10,2,0,0
BRDA:10,2,1,1
BRDA:13,3,0,1
BRDA:13,3,1,0
BRDA:18,4,0,0
BRDA:18,4,1,2
BRDA:46,5,0,0
BRDA:46,5,1,1
BRDA:73,6,0,0
BRDA:73,6,1,1
BRF:14
BRH:9
end_of_record
